{"/home/chenjs/Documents/test/node-learning/lesson6/main.js":{"path":"/home/chenjs/Documents/test/node-learning/lesson6/main.js","s":{"1":1,"2":182,"3":2,"4":180,"5":35,"6":145,"7":56,"8":89,"9":1,"10":88,"11":1,"12":0,"13":0,"14":1},"b":{"1":[2,180],"2":[182,181],"3":[35,145],"4":[56,89],"5":[1,88],"6":[0,1]},"f":{"1":182},"fnMap":{"1":{"name":"(anonymous_1)","line":1,"loc":{"start":{"line":1,"column":16},"end":{"line":1,"column":28}}}},"statementMap":{"1":{"start":{"line":1,"column":0},"end":{"line":15,"column":2}},"2":{"start":{"line":2,"column":4},"end":{"line":4,"column":5}},"3":{"start":{"line":3,"column":8},"end":{"line":3,"column":38}},"4":{"start":{"line":5,"column":4},"end":{"line":7,"column":5}},"5":{"start":{"line":6,"column":8},"end":{"line":6,"column":17}},"6":{"start":{"line":8,"column":4},"end":{"line":10,"column":5}},"7":{"start":{"line":9,"column":8},"end":{"line":9,"column":17}},"8":{"start":{"line":11,"column":4},"end":{"line":13,"column":5}},"9":{"start":{"line":12,"column":8},"end":{"line":12,"column":48}},"10":{"start":{"line":14,"column":4},"end":{"line":14,"column":47}},"11":{"start":{"line":17,"column":0},"end":{"line":20,"column":1}},"12":{"start":{"line":18,"column":4},"end":{"line":18,"column":36}},"13":{"start":{"line":19,"column":4},"end":{"line":19,"column":54}},"14":{"start":{"line":22,"column":0},"end":{"line":22,"column":30}}},"branchMap":{"1":{"line":2,"type":"if","locations":[{"start":{"line":2,"column":4},"end":{"line":2,"column":4}},{"start":{"line":2,"column":4},"end":{"line":2,"column":4}}]},"2":{"line":2,"type":"binary-expr","locations":[{"start":{"line":2,"column":7},"end":{"line":2,"column":12}},{"start":{"line":2,"column":16},"end":{"line":2,"column":22}}]},"3":{"line":5,"type":"if","locations":[{"start":{"line":5,"column":4},"end":{"line":5,"column":4}},{"start":{"line":5,"column":4},"end":{"line":5,"column":4}}]},"4":{"line":8,"type":"if","locations":[{"start":{"line":8,"column":4},"end":{"line":8,"column":4}},{"start":{"line":8,"column":4},"end":{"line":8,"column":4}}]},"5":{"line":11,"type":"if","locations":[{"start":{"line":11,"column":4},"end":{"line":11,"column":4}},{"start":{"line":11,"column":4},"end":{"line":11,"column":4}}]},"6":{"line":17,"type":"if","locations":[{"start":{"line":17,"column":0},"end":{"line":17,"column":0}},{"start":{"line":17,"column":0},"end":{"line":17,"column":0}}]}}}}